{"C:\\Users\\i221183\\Projects\\My-Portfolio\\src\\lib\\sanitize.ts": {"path":"C:\\Users\\i221183\\Projects\\My-Portfolio\\src\\lib\\sanitize.ts","statementMap":{"0":{"start":{"line":9,"column":2},"end":{"line":13,"column":null}},"1":{"start":{"line":24,"column":2},"end":{"line":24,"column":null}},"2":{"start":{"line":24,"column":35},"end":{"line":24,"column":null}},"3":{"start":{"line":27,"column":16},"end":{"line":32,"column":null}},"4":{"start":{"line":35,"column":2},"end":{"line":35,"column":null}},"5":{"start":{"line":36,"column":2},"end":{"line":36,"column":null}},"6":{"start":{"line":38,"column":2},"end":{"line":38,"column":null}}},"fnMap":{"0":{"name":"sanitizeSlug","decl":{"start":{"line":8,"column":16},"end":{"line":8,"column":29}},"loc":{"start":{"line":8,"column":51},"end":{"line":14,"column":null}},"line":8},"1":{"name":"sanitizeContentForDisplay","decl":{"start":{"line":23,"column":16},"end":{"line":23,"column":42}},"loc":{"start":{"line":23,"column":67},"end":{"line":39,"column":null}},"line":23}},"branchMap":{"0":{"loc":{"start":{"line":24,"column":2},"end":{"line":24,"column":null}},"type":"if","locations":[{"start":{"line":24,"column":2},"end":{"line":24,"column":null}},{"start":{},"end":{}}],"line":24}},"s":{"0":8,"1":5,"2":3,"3":2,"4":2,"5":2,"6":2},"f":{"0":8,"1":5},"b":{"0":[3,2]},"meta":{"lastBranch":1,"lastFunction":2,"lastStatement":7,"seen":{"f:8:16:8:29":0,"s:9:2:13:Infinity":0,"f:23:16:23:42":1,"b:24:2:24:Infinity:undefined:undefined:undefined:undefined":0,"s:24:2:24:Infinity":1,"s:24:35:24:Infinity":2,"s:27:16:32:Infinity":3,"s:35:2:35:Infinity":4,"s:36:2:36:Infinity":5,"s:38:2:38:Infinity":6},"fnNames":{}}}
}
